2025-08-30 18:01:42 duydo DAVE ERROR Backup job completed
2025-08-30 18:02:42 ducduy DODUCDUY INFO Backup job completed
2025-08-30 18:03:42 dddo DUYDO ERROR Update check finished
2025-08-30 18:04:42 ducduy DUCDUY WARNING User session expired
2025-08-30 18:05:42 dddo DODUCDUY INFO Update check finished
2025-08-30 18:06:42 ducduy DUCDUY INFO Backup job completed
2025-08-30 18:07:42 ducduy DUYDO INFO Disk cleanup started
2025-08-30 18:08:42 duydo DUYDO ERROR Database sync failed
2025-08-30 18:09:42 dave DAVE WARNING Backup job completed
2025-08-30 18:10:42 dave DUCDUY INFO Disk cleanup started
2025-08-30 18:11:42 vppho DUCDUY WARNING Disk cleanup started
2025-08-30 18:12:42 ducduy DAVE WARNING User session expired
2025-08-30 18:13:42 dave DAVE INFO Backup job completed
2025-08-30 18:14:42 dave DUCDUY ERROR Disk cleanup started
2025-08-30 18:15:42 dave DAVE INFO Disk cleanup started
2025-08-30 18:16:42 vppho DAVE ERROR Database sync failed
2025-08-30 18:17:42 vppho DUYDO WARNING User session expired
2025-08-30 18:18:42 dave DUCDUY ERROR Backup job completed
2025-08-30 18:19:42 ducduy DUYDO ERROR Update check finished
2025-08-30 18:20:42 duydo DAVE ERROR Database sync failed
2025-08-30 18:21:42 dave DODUCDUY INFO Disk cleanup started
2025-08-30 18:22:42 duydo DAVE INFO Update check finished
2025-08-30 18:23:42 ducduy DUCDUY ERROR Backup job completed
2025-08-30 18:24:42 dddo DUYDO ERROR Update check finished
2025-08-30 18:25:42 dave DODUCDUY INFO Database sync failed
2025-08-30 18:26:42 vppho DODUCDUY INFO Disk cleanup started
2025-08-30 18:27:42 dave DUCDUY INFO User session expired
2025-08-30 18:28:42 ducduy DODUCDUY WARNING User session expired
2025-08-30 18:29:42 duydo DUCDUY WARNING Update check finished
2025-08-30 18:30:42 dddo DUYDO WARNING Database sync failed
2025-08-30 18:31:42 dave DAVE ERROR Backup job completed
2025-08-30 18:32:42 duydo DODUCDUY WARNING Database sync failed
2025-08-30 18:33:42 duydo DUYDO ERROR Update check finished
2025-08-30 18:34:42 duydo DUCDUY INFO Update check finished
2025-08-30 18:35:42 duydo DODUCDUY INFO User session expired
2025-08-30 18:36:42 dave DAVE INFO Update check finished
2025-08-30 18:37:42 duydo DAVE ERROR Database sync failed
2025-08-30 18:38:42 ducduy DAVE ERROR Database sync failed
2025-08-30 18:39:42 duydo DAVE WARNING Backup job completed
2025-08-30 18:40:42 vppho DUCDUY INFO Disk cleanup started
2025-08-30 18:41:42 dave DODUCDUY WARNING Database sync failed
2025-08-30 18:42:42 dddo DODUCDUY ERROR Disk cleanup started
2025-08-30 18:43:42 vppho DAVE ERROR Backup job completed
2025-08-30 18:44:42 ducduy DODUCDUY ERROR Disk cleanup started
2025-08-30 18:45:42 duydo DUYDO INFO Disk cleanup started
2025-08-30 18:46:42 dddo DAVE ERROR Database sync failed
2025-08-30 18:47:42 dddo DODUCDUY WARNING Database sync failed
2025-08-30 18:48:42 ducduy DUYDO WARNING Backup job completed
2025-08-30 18:49:42 vppho DUYDO WARNING Backup job completed
2025-08-30 18:50:42 duydo DUYDO INFO Backup job completed
2025-08-30 18:51:42 vppho DUCDUY ERROR User session expired
2025-08-30 18:52:42 dddo DUCDUY WARNING Update check finished
2025-08-30 18:53:42 vppho DAVE INFO Database sync failed
2025-08-30 18:54:42 dave DUCDUY ERROR Backup job completed
2025-08-30 18:55:42 duydo DUCDUY ERROR Disk cleanup started
2025-08-30 18:56:42 duydo DAVE WARNING Update check finished
2025-08-30 18:57:42 duydo DUYDO INFO Disk cleanup started
2025-08-30 18:58:42 duydo DAVE ERROR Database sync failed
2025-08-30 18:59:42 dave DUYDO ERROR Disk cleanup started
2025-08-30 19:00:42 dave DUYDO WARNING Database sync failed
2025-08-30 19:01:42 vppho DAVE ERROR User session expired
2025-08-30 19:02:42 dave DODUCDUY ERROR Backup job completed
2025-08-30 19:03:42 ducduy DUYDO WARNING Update check finished
2025-08-30 19:04:42 duydo DUYDO INFO User session expired
2025-08-30 19:05:42 duydo DUYDO INFO Backup job completed
2025-08-30 19:06:42 vppho DUYDO ERROR Update check finished
2025-08-30 19:07:42 dddo DAVE INFO User session expired
2025-08-30 19:08:42 dave DUYDO ERROR Update check finished
2025-08-30 19:09:42 duydo DUYDO ERROR Backup job completed
2025-08-30 19:10:42 dddo DODUCDUY INFO Database sync failed
2025-08-30 19:11:42 duydo DODUCDUY WARNING Backup job completed
2025-08-30 19:12:42 ducduy DUCDUY ERROR User session expired
2025-08-30 19:13:42 dave DUYDO WARNING Backup job completed
2025-08-30 19:14:42 duydo DUCDUY ERROR Disk cleanup started
2025-08-30 19:15:42 dave DODUCDUY INFO User session expired
2025-08-30 19:16:42 ducduy DUYDO ERROR Disk cleanup started
2025-08-30 19:17:42 vppho DUYDO ERROR Database sync failed
2025-08-30 19:18:42 dddo DODUCDUY ERROR Backup job completed
2025-08-30 19:19:42 dddo DODUCDUY INFO Backup job completed
2025-08-30 19:20:42 dave DODUCDUY ERROR Update check finished
2025-08-30 19:21:42 dave DAVE WARNING Disk cleanup started
2025-08-30 19:22:42 duydo DUCDUY INFO User session expired
2025-08-30 19:23:42 dave DUYDO WARNING Update check finished
2025-08-30 19:24:42 ducduy DUYDO ERROR Disk cleanup started
2025-08-30 19:25:42 dddo DAVE INFO Update check finished
2025-08-30 19:26:42 dddo DAVE WARNING User session expired
2025-08-30 19:27:42 dave DODUCDUY WARNING Update check finished
2025-08-30 19:28:42 ducduy DUCDUY ERROR Update check finished
2025-08-30 19:29:42 duydo DUYDO WARNING Disk cleanup started
2025-08-30 19:30:42 dave DODUCDUY INFO Disk cleanup started
2025-08-30 19:31:42 dddo DAVE ERROR Disk cleanup started
2025-08-30 19:32:42 dddo DAVE WARNING Backup job completed
2025-08-30 19:33:42 duydo DAVE ERROR Backup job completed
2025-08-30 19:34:42 vppho DUYDO INFO User session expired
2025-08-30 19:35:42 dddo DAVE WARNING Database sync failed
2025-08-30 19:36:42 duydo DUYDO WARNING Backup job completed
2025-08-30 19:37:42 ducduy DAVE ERROR Backup job completed
2025-08-30 19:38:42 duydo DODUCDUY INFO Update check finished
2025-08-30 19:39:42 duydo DUCDUY INFO Backup job completed
2025-08-30 19:40:42 vppho DODUCDUY WARNING Backup job completed
